2017-02-03T04:32:45+00:00 cs42016vm#00 I: Runner: processes
2017-02-03T04:32:45+00:00 cs42016vm#00 I: Chooser: simple
2017-02-03T04:32:45+00:00 cs42016vm#00 I: Configuration suite_name = "all"
2017-02-03T04:32:45+00:00 cs42016vm#00 I: Configuration cache_filename = "/home/student/Documents/Set 2/oUnit-$(suite_name).cache"
2017-02-03T04:32:45+00:00 cs42016vm#00 I: Configuration display = "true"
2017-02-03T04:32:45+00:00 cs42016vm#00 I: Configuration results_style_1_X = "false"
2017-02-03T04:32:45+00:00 cs42016vm#00 I: Configuration verbose = "false"
2017-02-03T04:32:45+00:00 cs42016vm#00 I: Configuration health_check_interval = "1."
2017-02-03T04:32:45+00:00 cs42016vm#00 I: Configuration testdata_dir = "none"
2017-02-03T04:32:45+00:00 cs42016vm#00 I: Configuration chooser = "simple"
2017-02-03T04:32:45+00:00 cs42016vm#00 I: Configuration output_html_dir = "none"
2017-02-03T04:32:45+00:00 cs42016vm#00 I: Configuration processes_kill_period = "5."
2017-02-03T04:32:45+00:00 cs42016vm#00 I: Configuration runner = "processes"
2017-02-03T04:32:45+00:00 cs42016vm#00 I: Configuration shards = "1"
2017-02-03T04:32:45+00:00 cs42016vm#00 I: Configuration processes_grace_period = "5."
2017-02-03T04:32:45+00:00 cs42016vm#00 I: Configuration log_encoding = "utf-8"
2017-02-03T04:32:45+00:00 cs42016vm#00 I: Configuration output_junit_file = "none"
2017-02-03T04:32:45+00:00 cs42016vm#00 I: Configuration output_file = "/home/student/Documents/Set 2/oUnit-$(suite_name)-$(shard_id).log"
2017-02-03T04:32:45+00:00 cs42016vm#00 I: Using 1 workers maximum.
2017-02-03T04:32:45+00:00 cs42016vm#00 I: Starting worker number cs42016vm#01.
2017-02-03T04:32:45+00:00 cs42016vm#00 I: Worker cs42016vm#01 started.
2017-02-03T04:32:45+00:00 cs42016vm#00 I: 1 tests running: all:0:fast_expt.
2017-02-03T04:32:45+00:00 cs42016vm#01 I: Start test all:0:fast_expt.
2017-02-03T04:32:45+00:00 cs42016vm#00 I: 1 tests running: all:0:fast_expt.
2017-02-03T04:32:45+00:00 cs42016vm#01 I: Test all:0:fast_expt is successful.
2017-02-03T04:32:45+00:00 cs42016vm#00 I: 1 tests running: all:0:fast_expt.
2017-02-03T04:32:45+00:00 cs42016vm#01 I: End test all:0:fast_expt.
2017-02-03T04:32:45+00:00 cs42016vm#00 I: 1 tests running: all:0:fast_expt.
2017-02-03T04:32:45+00:00 cs42016vm#00 I: 1 tests running: all:1:ifast_expt.
2017-02-03T04:32:45+00:00 cs42016vm#01 I: Start test all:1:ifast_expt.
2017-02-03T04:32:45+00:00 cs42016vm#00 I: 1 tests running: all:1:ifast_expt.
2017-02-03T04:32:45+00:00 cs42016vm#01 I: Test all:1:ifast_expt is successful.
2017-02-03T04:32:45+00:00 cs42016vm#00 I: 1 tests running: all:1:ifast_expt.
2017-02-03T04:32:45+00:00 cs42016vm#01 I: End test all:1:ifast_expt.
2017-02-03T04:32:45+00:00 cs42016vm#00 I: 1 tests running: all:1:ifast_expt.
2017-02-03T04:32:45+00:00 cs42016vm#00 I: 1 tests running: all:2:fast_mult.
2017-02-03T04:32:45+00:00 cs42016vm#01 I: Start test all:2:fast_mult.
2017-02-03T04:32:45+00:00 cs42016vm#00 I: 1 tests running: all:2:fast_mult.
2017-02-03T04:32:45+00:00 cs42016vm#01 I: Test all:2:fast_mult is successful.
2017-02-03T04:32:45+00:00 cs42016vm#00 I: 1 tests running: all:2:fast_mult.
2017-02-03T04:32:45+00:00 cs42016vm#01 I: End test all:2:fast_mult.
2017-02-03T04:32:45+00:00 cs42016vm#00 I: 1 tests running: all:2:fast_mult.
2017-02-03T04:32:45+00:00 cs42016vm#00 I: 1 tests running: all:3:ifast_mult.
2017-02-03T04:32:45+00:00 cs42016vm#01 I: Start test all:3:ifast_mult.
2017-02-03T04:32:45+00:00 cs42016vm#00 I: 1 tests running: all:3:ifast_mult.
2017-02-03T04:32:45+00:00 cs42016vm#01 I: Test all:3:ifast_mult is successful.
2017-02-03T04:32:45+00:00 cs42016vm#00 I: 1 tests running: all:3:ifast_mult.
2017-02-03T04:32:45+00:00 cs42016vm#01 I: End test all:3:ifast_mult.
2017-02-03T04:32:45+00:00 cs42016vm#00 I: 1 tests running: all:3:ifast_mult.
2017-02-03T04:32:45+00:00 cs42016vm#00 I: 1 tests running: all:4:isum.
2017-02-03T04:32:45+00:00 cs42016vm#01 I: Start test all:4:isum.
2017-02-03T04:32:45+00:00 cs42016vm#00 I: 1 tests running: all:4:isum.
2017-02-03T04:32:46+00:00 cs42016vm#01 I: Test all:4:isum is successful.
2017-02-03T04:32:46+00:00 cs42016vm#00 I: 1 tests running: all:4:isum.
2017-02-03T04:32:46+00:00 cs42016vm#01 I: End test all:4:isum.
2017-02-03T04:32:46+00:00 cs42016vm#00 I: 1 tests running: all:4:isum.
2017-02-03T04:32:46+00:00 cs42016vm#00 I: 1 tests running: all:5:product_rec.
2017-02-03T04:32:46+00:00 cs42016vm#01 I: Start test all:5:product_rec.
2017-02-03T04:32:46+00:00 cs42016vm#00 I: 1 tests running: all:5:product_rec.
2017-02-03T04:32:46+00:00 cs42016vm#01 I: Test all:5:product_rec is successful.
2017-02-03T04:32:46+00:00 cs42016vm#00 I: 1 tests running: all:5:product_rec.
2017-02-03T04:32:46+00:00 cs42016vm#01 I: End test all:5:product_rec.
2017-02-03T04:32:46+00:00 cs42016vm#00 I: 1 tests running: all:5:product_rec.
2017-02-03T04:32:46+00:00 cs42016vm#00 I: 1 tests running: all:6:factorial_rec.
2017-02-03T04:32:46+00:00 cs42016vm#01 I: Start test all:6:factorial_rec.
2017-02-03T04:32:46+00:00 cs42016vm#00 I: 1 tests running: all:6:factorial_rec.
2017-02-03T04:32:46+00:00 cs42016vm#01 I: Test all:6:factorial_rec is successful.
2017-02-03T04:32:46+00:00 cs42016vm#00 I: 1 tests running: all:6:factorial_rec.
2017-02-03T04:32:46+00:00 cs42016vm#01 I: End test all:6:factorial_rec.
2017-02-03T04:32:46+00:00 cs42016vm#00 I: 1 tests running: all:6:factorial_rec.
2017-02-03T04:32:46+00:00 cs42016vm#00 I: 1 tests running: all:7:product_iter.
2017-02-03T04:32:46+00:00 cs42016vm#01 I: Start test all:7:product_iter.
2017-02-03T04:32:46+00:00 cs42016vm#00 I: 1 tests running: all:7:product_iter.
2017-02-03T04:32:46+00:00 cs42016vm#01 I: Test all:7:product_iter is successful.
2017-02-03T04:32:46+00:00 cs42016vm#00 I: 1 tests running: all:7:product_iter.
2017-02-03T04:32:46+00:00 cs42016vm#01 I: End test all:7:product_iter.
2017-02-03T04:32:46+00:00 cs42016vm#00 I: 1 tests running: all:7:product_iter.
2017-02-03T04:32:46+00:00 cs42016vm#00 I: 1 tests running: all:8:factorial_iter.
2017-02-03T04:32:46+00:00 cs42016vm#01 I: Start test all:8:factorial_iter.
2017-02-03T04:32:46+00:00 cs42016vm#00 I: 1 tests running: all:8:factorial_iter.
2017-02-03T04:32:46+00:00 cs42016vm#01 I: Test all:8:factorial_iter is successful.
2017-02-03T04:32:46+00:00 cs42016vm#00 I: 1 tests running: all:8:factorial_iter.
2017-02-03T04:32:46+00:00 cs42016vm#01 I: End test all:8:factorial_iter.
2017-02-03T04:32:46+00:00 cs42016vm#00 I: 1 tests running: all:8:factorial_iter.
2017-02-03T04:32:46+00:00 cs42016vm#00 I: 1 tests running: all:9:pi_approx.
2017-02-03T04:32:46+00:00 cs42016vm#01 I: Start test all:9:pi_approx.
2017-02-03T04:32:46+00:00 cs42016vm#00 I: 1 tests running: all:9:pi_approx.
2017-02-03T04:32:46+00:00 cs42016vm#01 I: Test all:9:pi_approx is successful.
2017-02-03T04:32:46+00:00 cs42016vm#00 I: 1 tests running: all:9:pi_approx.
2017-02-03T04:32:46+00:00 cs42016vm#01 I: End test all:9:pi_approx.
2017-02-03T04:32:46+00:00 cs42016vm#00 I: 1 tests running: all:9:pi_approx.
2017-02-03T04:32:46+00:00 cs42016vm#00 I: 1 tests running: all:10:sum.
2017-02-03T04:32:46+00:00 cs42016vm#01 I: Start test all:10:sum.
2017-02-03T04:32:46+00:00 cs42016vm#00 I: 1 tests running: all:10:sum.
2017-02-03T04:32:46+00:00 cs42016vm#01 I: Test all:10:sum is successful.
2017-02-03T04:32:46+00:00 cs42016vm#00 I: 1 tests running: all:10:sum.
2017-02-03T04:32:46+00:00 cs42016vm#01 I: End test all:10:sum.
2017-02-03T04:32:46+00:00 cs42016vm#00 I: 1 tests running: all:10:sum.
2017-02-03T04:32:46+00:00 cs42016vm#00 I: 1 tests running: all:11:product.
2017-02-03T04:32:46+00:00 cs42016vm#01 I: Start test all:11:product.
2017-02-03T04:32:46+00:00 cs42016vm#00 I: 1 tests running: all:11:product.
2017-02-03T04:32:46+00:00 cs42016vm#01 I: Test all:11:product is successful.
2017-02-03T04:32:46+00:00 cs42016vm#00 I: 1 tests running: all:11:product.
2017-02-03T04:32:46+00:00 cs42016vm#01 I: End test all:11:product.
2017-02-03T04:32:46+00:00 cs42016vm#00 I: 1 tests running: all:11:product.
2017-02-03T04:32:46+00:00 cs42016vm#00 I: 1 tests running: all:12:compose.
2017-02-03T04:32:46+00:00 cs42016vm#01 I: Start test all:12:compose.
2017-02-03T04:32:46+00:00 cs42016vm#00 I: 1 tests running: all:12:compose.
2017-02-03T04:32:46+00:00 cs42016vm#01 I: Test all:12:compose is successful.
2017-02-03T04:32:46+00:00 cs42016vm#00 I: 1 tests running: all:12:compose.
2017-02-03T04:32:46+00:00 cs42016vm#01 I: End test all:12:compose.
2017-02-03T04:32:46+00:00 cs42016vm#00 I: 1 tests running: all:12:compose.
2017-02-03T04:32:46+00:00 cs42016vm#00 I: 1 tests running: all:13:repeated.
2017-02-03T04:32:46+00:00 cs42016vm#01 I: Start test all:13:repeated.
2017-02-03T04:32:46+00:00 cs42016vm#00 I: 1 tests running: all:13:repeated.
2017-02-03T04:32:46+00:00 cs42016vm#01 I: Test all:13:repeated is successful.
2017-02-03T04:32:46+00:00 cs42016vm#00 I: 1 tests running: all:13:repeated.
2017-02-03T04:32:46+00:00 cs42016vm#01 I: End test all:13:repeated.
2017-02-03T04:32:46+00:00 cs42016vm#00 I: 1 tests running: all:13:repeated.
2017-02-03T04:32:46+00:00 cs42016vm#00 I: 1 tests running: all:14:is_prime.
2017-02-03T04:32:46+00:00 cs42016vm#01 I: Start test all:14:is_prime.
2017-02-03T04:32:46+00:00 cs42016vm#00 I: 1 tests running: all:14:is_prime.
2017-02-03T04:32:46+00:00 cs42016vm#01 I: Test all:14:is_prime is successful.
2017-02-03T04:32:46+00:00 cs42016vm#00 I: 1 tests running: all:14:is_prime.
2017-02-03T04:32:46+00:00 cs42016vm#01 I: End test all:14:is_prime.
2017-02-03T04:32:46+00:00 cs42016vm#00 I: 1 tests running: all:14:is_prime.
2017-02-03T04:32:46+00:00 cs42016vm#00 I: Still 1 tests running : all:15:smallest_prime_factor.
2017-02-03T04:32:46+00:00 cs42016vm#00 I: 1 tests running: all:15:smallest_prime_factor.
2017-02-03T04:32:46+00:00 cs42016vm#01 I: Start test all:15:smallest_prime_factor.
2017-02-03T04:32:46+00:00 cs42016vm#00 I: Still 1 tests running : all:15:smallest_prime_factor.
2017-02-03T04:32:46+00:00 cs42016vm#00 I: 1 tests running: all:15:smallest_prime_factor.
2017-02-03T04:32:46+00:00 cs42016vm#01 I: Test all:15:smallest_prime_factor is successful.
2017-02-03T04:32:46+00:00 cs42016vm#00 I: Still 1 tests running : all:15:smallest_prime_factor.
2017-02-03T04:32:46+00:00 cs42016vm#00 I: 1 tests running: all:15:smallest_prime_factor.
2017-02-03T04:32:46+00:00 cs42016vm#01 I: End test all:15:smallest_prime_factor.
2017-02-03T04:32:46+00:00 cs42016vm#00 I: Still 1 tests running : all:15:smallest_prime_factor.
2017-02-03T04:32:46+00:00 cs42016vm#00 I: 1 tests running: all:15:smallest_prime_factor.
2017-02-03T04:32:46+00:00 cs42016vm#00 I: 0 tests running: .
2017-02-03T04:32:46+00:00 cs42016vm#00 I: Worker cs42016vm#01 has ended.
2017-02-03T04:32:46+00:00 cs42016vm#00 I: Used 1 worker during test execution.
2017-02-03T04:32:46+00:00 cs42016vm#00 I: Run 16 tests with shard cs42016vm#01.
2017-02-03T04:32:46+00:00 cs42016vm#00 I: ==============
2017-02-03T04:32:46+00:00 cs42016vm#00 I: Summary:
2017-02-03T04:32:46+00:00 cs42016vm#00 I: Test all:15:smallest_prime_factor is successful.
2017-02-03T04:32:46+00:00 cs42016vm#00 I: Test all:14:is_prime is successful.
2017-02-03T04:32:46+00:00 cs42016vm#00 I: Test all:13:repeated is successful.
2017-02-03T04:32:46+00:00 cs42016vm#00 I: Test all:12:compose is successful.
2017-02-03T04:32:46+00:00 cs42016vm#00 I: Test all:11:product is successful.
2017-02-03T04:32:46+00:00 cs42016vm#00 I: Test all:10:sum is successful.
2017-02-03T04:32:46+00:00 cs42016vm#00 I: Test all:9:pi_approx is successful.
2017-02-03T04:32:46+00:00 cs42016vm#00 I: Test all:8:factorial_iter is successful.
2017-02-03T04:32:46+00:00 cs42016vm#00 I: Test all:7:product_iter is successful.
2017-02-03T04:32:46+00:00 cs42016vm#00 I: Test all:6:factorial_rec is successful.
2017-02-03T04:32:46+00:00 cs42016vm#00 I: Test all:5:product_rec is successful.
2017-02-03T04:32:46+00:00 cs42016vm#00 I: Test all:4:isum is successful.
2017-02-03T04:32:46+00:00 cs42016vm#00 I: Test all:3:ifast_mult is successful.
2017-02-03T04:32:46+00:00 cs42016vm#00 I: Test all:2:fast_mult is successful.
2017-02-03T04:32:46+00:00 cs42016vm#00 I: Test all:1:ifast_expt is successful.
2017-02-03T04:32:46+00:00 cs42016vm#00 I: Test all:0:fast_expt is successful.
2017-02-03T04:32:46+00:00 cs42016vm#00 I: Ran: 16 tests in: 0.13 seconds.
2017-02-03T04:32:46+00:00 cs42016vm#00 I: Cases: 16.
2017-02-03T04:32:46+00:00 cs42016vm#00 I: Tried: 16.
2017-02-03T04:32:46+00:00 cs42016vm#00 I: Errors: 0.
2017-02-03T04:32:46+00:00 cs42016vm#00 I: Failures: 0.
2017-02-03T04:32:46+00:00 cs42016vm#00 I: Skip: 0.
2017-02-03T04:32:46+00:00 cs42016vm#00 I: Todo: 0.
2017-02-03T04:32:46+00:00 cs42016vm#00 I: Timeout: 0.
